[36m[2022-03-04 13:51:56 DEBUG][39m ###############################################################################
[36m[2022-03-04 13:51:56 DEBUG][39m Running command 'run'
[36m[2022-03-04 13:51:56 DEBUG][39m Using settings file '/Users/racheldaloia/.chaostoolkit/settings.yaml'
[33m[2022-03-04 13:51:57 WARNING][39m 
    There is a new version (1.12.0) of the chaostoolkit available.
    You may upgrade by typing:
    
    $ pip install -U chaostoolkit
    
    Please review changes at https://github.com/chaostoolkit/chaostoolkit/blob/master/CHANGELOG.md
    
[31m[2022-03-04 13:51:57 ERROR][39m Failed to fetch the experiment: <!DOCTYPE html>
    <html lang="en">
    
    <head>
      <meta charset="UTF-8">
      <meta name="viewport" content="width=device-width, initial-scale=1.0">
      <meta http-equiv="X-UA-Compatible" content="ie=edge">
      <title>ChaosHub: Chaos Engineering for Everyone</title>
    
      <link href="https://fonts.googleapis.com/css?family=IBM+Plex+Sans:400,400i,600,600i" rel="stylesheet">
      <link rel="stylesheet" href="https://cdnjs.cloudflare.com/ajax/libs/spectre.css/0.5.3/spectre.min.css">
      <link rel="stylesheet" href="https://cdnjs.cloudflare.com/ajax/libs/spectre.css/0.5.3/spectre-exp.min.css">
      <link rel="stylesheet" href="https://cdnjs.cloudflare.com/ajax/libs/spectre.css/0.5.3/spectre-icons.min.css">
      <link rel="stylesheet" href="/static/css/error.css">
    </head>
    <body>
        <header class="navbar navbar-primary">
          <div class="container">
            <div class="columns">
              <div class="column col-8 col-mx-auto">
                <div class="container">
                  <div class="float-left navbar-section">
                    <a href="/" class="navbar-brand mr-1">ChaosHub</a>
                  </div>
                </div>
              </div>
            </div>
          </div>
        </header>
        <main>
            <div class="container">
                <div class="columns">
                    <div class="column col-mx-auto col-3">
                    <h1>Ooops, we could not find what you were looking for!</h1>
                    </div>
                </div>
            </div>
        </main>
        <footer>
            <div class="columns">
              <div class="column col-8 col-mx-auto">
                  <div class="my-2"></div>
                  <div class="d-block"><a href="https://chaoshub.org">ChaosHub</a> is an Open Source product under the
                      <a href="https://github.com/chaostoolkit/chaoshub/blob/master/LICENSE.txt">AGPLv3+</a> license</div>
                  <div class="d-block">&copy; 2018 - <a href="https://www.chaosiq.io">ChaosIQ</a></div>
              </div>
            </div>
          </footer>
      </body>
    </html>
[36m[2022-03-04 13:51:57 DEBUG][39m Failed to fetch the experiment: <!DOCTYPE html>
    <html lang="en">
    
    <head>
      <meta charset="UTF-8">
      <meta name="viewport" content="width=device-width, initial-scale=1.0">
      <meta http-equiv="X-UA-Compatible" content="ie=edge">
      <title>ChaosHub: Chaos Engineering for Everyone</title>
    
      <link href="https://fonts.googleapis.com/css?family=IBM+Plex+Sans:400,400i,600,600i" rel="stylesheet">
      <link rel="stylesheet" href="https://cdnjs.cloudflare.com/ajax/libs/spectre.css/0.5.3/spectre.min.css">
      <link rel="stylesheet" href="https://cdnjs.cloudflare.com/ajax/libs/spectre.css/0.5.3/spectre-exp.min.css">
      <link rel="stylesheet" href="https://cdnjs.cloudflare.com/ajax/libs/spectre.css/0.5.3/spectre-icons.min.css">
      <link rel="stylesheet" href="/static/css/error.css">
    </head>
    <body>
        <header class="navbar navbar-primary">
          <div class="container">
            <div class="columns">
              <div class="column col-8 col-mx-auto">
                <div class="container">
                  <div class="float-left navbar-section">
                    <a href="/" class="navbar-brand mr-1">ChaosHub</a>
                  </div>
                </div>
              </div>
            </div>
          </div>
        </header>
        <main>
            <div class="container">
                <div class="columns">
                    <div class="column col-mx-auto col-3">
                    <h1>Ooops, we could not find what you were looking for!</h1>
                    </div>
                </div>
            </div>
        </main>
        <footer>
            <div class="columns">
              <div class="column col-8 col-mx-auto">
                  <div class="my-2"></div>
                  <div class="d-block"><a href="https://chaoshub.org">ChaosHub</a> is an Open Source product under the
                      <a href="https://github.com/chaostoolkit/chaoshub/blob/master/LICENSE.txt">AGPLv3+</a> license</div>
                  <div class="d-block">&copy; 2018 - <a href="https://www.chaosiq.io">ChaosIQ</a></div>
              </div>
            </div>
          </footer>
      </body>
    </html>
[36m[2022-03-04 13:53:04 DEBUG][39m ###############################################################################
[36m[2022-03-04 13:53:04 DEBUG][39m Running command 'run'
[36m[2022-03-04 13:53:04 DEBUG][39m Using settings file '/Users/racheldaloia/.chaostoolkit/settings.yaml'
[33m[2022-03-04 13:53:04 WARNING][39m 
    There is a new version (1.12.0) of the chaostoolkit available.
    You may upgrade by typing:
    
    $ pip install -U chaostoolkit
    
    Please review changes at https://github.com/chaostoolkit/chaostoolkit/blob/master/CHANGELOG.md
    
[31m[2022-03-04 13:53:04 ERROR][39m Failed to fetch the experiment: <!DOCTYPE html>
    <html lang="en">
    
    <head>
      <meta charset="UTF-8">
      <meta name="viewport" content="width=device-width, initial-scale=1.0">
      <meta http-equiv="X-UA-Compatible" content="ie=edge">
      <title>ChaosHub: Chaos Engineering for Everyone</title>
    
      <link href="https://fonts.googleapis.com/css?family=IBM+Plex+Sans:400,400i,600,600i" rel="stylesheet">
      <link rel="stylesheet" href="https://cdnjs.cloudflare.com/ajax/libs/spectre.css/0.5.3/spectre.min.css">
      <link rel="stylesheet" href="https://cdnjs.cloudflare.com/ajax/libs/spectre.css/0.5.3/spectre-exp.min.css">
      <link rel="stylesheet" href="https://cdnjs.cloudflare.com/ajax/libs/spectre.css/0.5.3/spectre-icons.min.css">
      <link rel="stylesheet" href="/static/css/error.css">
    </head>
    <body>
        <header class="navbar navbar-primary">
          <div class="container">
            <div class="columns">
              <div class="column col-8 col-mx-auto">
                <div class="container">
                  <div class="float-left navbar-section">
                    <a href="/" class="navbar-brand mr-1">ChaosHub</a>
                  </div>
                </div>
              </div>
            </div>
          </div>
        </header>
        <main>
            <div class="container">
                <div class="columns">
                    <div class="column col-mx-auto col-3">
                    <h1>Ooops, we could not find what you were looking for!</h1>
                    </div>
                </div>
            </div>
        </main>
        <footer>
            <div class="columns">
              <div class="column col-8 col-mx-auto">
                  <div class="my-2"></div>
                  <div class="d-block"><a href="https://chaoshub.org">ChaosHub</a> is an Open Source product under the
                      <a href="https://github.com/chaostoolkit/chaoshub/blob/master/LICENSE.txt">AGPLv3+</a> license</div>
                  <div class="d-block">&copy; 2018 - <a href="https://www.chaosiq.io">ChaosIQ</a></div>
              </div>
            </div>
          </footer>
      </body>
    </html>
[36m[2022-03-04 13:53:04 DEBUG][39m Failed to fetch the experiment: <!DOCTYPE html>
    <html lang="en">
    
    <head>
      <meta charset="UTF-8">
      <meta name="viewport" content="width=device-width, initial-scale=1.0">
      <meta http-equiv="X-UA-Compatible" content="ie=edge">
      <title>ChaosHub: Chaos Engineering for Everyone</title>
    
      <link href="https://fonts.googleapis.com/css?family=IBM+Plex+Sans:400,400i,600,600i" rel="stylesheet">
      <link rel="stylesheet" href="https://cdnjs.cloudflare.com/ajax/libs/spectre.css/0.5.3/spectre.min.css">
      <link rel="stylesheet" href="https://cdnjs.cloudflare.com/ajax/libs/spectre.css/0.5.3/spectre-exp.min.css">
      <link rel="stylesheet" href="https://cdnjs.cloudflare.com/ajax/libs/spectre.css/0.5.3/spectre-icons.min.css">
      <link rel="stylesheet" href="/static/css/error.css">
    </head>
    <body>
        <header class="navbar navbar-primary">
          <div class="container">
            <div class="columns">
              <div class="column col-8 col-mx-auto">
                <div class="container">
                  <div class="float-left navbar-section">
                    <a href="/" class="navbar-brand mr-1">ChaosHub</a>
                  </div>
                </div>
              </div>
            </div>
          </div>
        </header>
        <main>
            <div class="container">
                <div class="columns">
                    <div class="column col-mx-auto col-3">
                    <h1>Ooops, we could not find what you were looking for!</h1>
                    </div>
                </div>
            </div>
        </main>
        <footer>
            <div class="columns">
              <div class="column col-8 col-mx-auto">
                  <div class="my-2"></div>
                  <div class="d-block"><a href="https://chaoshub.org">ChaosHub</a> is an Open Source product under the
                      <a href="https://github.com/chaostoolkit/chaoshub/blob/master/LICENSE.txt">AGPLv3+</a> license</div>
                  <div class="d-block">&copy; 2018 - <a href="https://www.chaosiq.io">ChaosIQ</a></div>
              </div>
            </div>
          </footer>
      </body>
    </html>
[36m[2022-03-04 13:53:55 DEBUG][39m ###############################################################################
[36m[2022-03-04 13:53:55 DEBUG][39m Running command 'run'
[36m[2022-03-04 13:53:55 DEBUG][39m Using settings file '/Users/racheldaloia/.chaostoolkit/settings.yaml'
[33m[2022-03-04 13:53:55 WARNING][39m 
    There is a new version (1.12.0) of the chaostoolkit available.
    You may upgrade by typing:
    
    $ pip install -U chaostoolkit
    
    Please review changes at https://github.com/chaostoolkit/chaostoolkit/blob/master/CHANGELOG.md
    
[31m[2022-03-04 13:53:55 ERROR][39m Failed to fetch the experiment: <!DOCTYPE html>
    <html lang="en">
    
    <head>
      <meta charset="UTF-8">
      <meta name="viewport" content="width=device-width, initial-scale=1.0">
      <meta http-equiv="X-UA-Compatible" content="ie=edge">
      <title>ChaosHub: Chaos Engineering for Everyone</title>
    
      <link href="https://fonts.googleapis.com/css?family=IBM+Plex+Sans:400,400i,600,600i" rel="stylesheet">
      <link rel="stylesheet" href="https://cdnjs.cloudflare.com/ajax/libs/spectre.css/0.5.3/spectre.min.css">
      <link rel="stylesheet" href="https://cdnjs.cloudflare.com/ajax/libs/spectre.css/0.5.3/spectre-exp.min.css">
      <link rel="stylesheet" href="https://cdnjs.cloudflare.com/ajax/libs/spectre.css/0.5.3/spectre-icons.min.css">
      <link rel="stylesheet" href="/static/css/error.css">
    </head>
    <body>
        <header class="navbar navbar-primary">
          <div class="container">
            <div class="columns">
              <div class="column col-8 col-mx-auto">
                <div class="container">
                  <div class="float-left navbar-section">
                    <a href="/" class="navbar-brand mr-1">ChaosHub</a>
                  </div>
                </div>
              </div>
            </div>
          </div>
        </header>
        <main>
            <div class="container">
                <div class="columns">
                    <div class="column col-mx-auto col-3">
                    <h1>Ooops, we could not find what you were looking for!</h1>
                    </div>
                </div>
            </div>
        </main>
        <footer>
            <div class="columns">
              <div class="column col-8 col-mx-auto">
                  <div class="my-2"></div>
                  <div class="d-block"><a href="https://chaoshub.org">ChaosHub</a> is an Open Source product under the
                      <a href="https://github.com/chaostoolkit/chaoshub/blob/master/LICENSE.txt">AGPLv3+</a> license</div>
                  <div class="d-block">&copy; 2018 - <a href="https://www.chaosiq.io">ChaosIQ</a></div>
              </div>
            </div>
          </footer>
      </body>
    </html>
[36m[2022-03-04 13:53:55 DEBUG][39m Failed to fetch the experiment: <!DOCTYPE html>
    <html lang="en">
    
    <head>
      <meta charset="UTF-8">
      <meta name="viewport" content="width=device-width, initial-scale=1.0">
      <meta http-equiv="X-UA-Compatible" content="ie=edge">
      <title>ChaosHub: Chaos Engineering for Everyone</title>
    
      <link href="https://fonts.googleapis.com/css?family=IBM+Plex+Sans:400,400i,600,600i" rel="stylesheet">
      <link rel="stylesheet" href="https://cdnjs.cloudflare.com/ajax/libs/spectre.css/0.5.3/spectre.min.css">
      <link rel="stylesheet" href="https://cdnjs.cloudflare.com/ajax/libs/spectre.css/0.5.3/spectre-exp.min.css">
      <link rel="stylesheet" href="https://cdnjs.cloudflare.com/ajax/libs/spectre.css/0.5.3/spectre-icons.min.css">
      <link rel="stylesheet" href="/static/css/error.css">
    </head>
    <body>
        <header class="navbar navbar-primary">
          <div class="container">
            <div class="columns">
              <div class="column col-8 col-mx-auto">
                <div class="container">
                  <div class="float-left navbar-section">
                    <a href="/" class="navbar-brand mr-1">ChaosHub</a>
                  </div>
                </div>
              </div>
            </div>
          </div>
        </header>
        <main>
            <div class="container">
                <div class="columns">
                    <div class="column col-mx-auto col-3">
                    <h1>Ooops, we could not find what you were looking for!</h1>
                    </div>
                </div>
            </div>
        </main>
        <footer>
            <div class="columns">
              <div class="column col-8 col-mx-auto">
                  <div class="my-2"></div>
                  <div class="d-block"><a href="https://chaoshub.org">ChaosHub</a> is an Open Source product under the
                      <a href="https://github.com/chaostoolkit/chaoshub/blob/master/LICENSE.txt">AGPLv3+</a> license</div>
                  <div class="d-block">&copy; 2018 - <a href="https://www.chaosiq.io">ChaosIQ</a></div>
              </div>
            </div>
          </footer>
      </body>
    </html>
[36m[2022-03-04 13:55:26 DEBUG] [cli:112][39m ###############################################################################
[36m[2022-03-04 13:55:26 DEBUG] [cli:113][39m Running command 'run'
[36m[2022-03-04 13:55:26 DEBUG] [cli:117][39m Using settings file '/Users/racheldaloia/.chaostoolkit/settings.yaml'
[36m[2022-03-04 13:55:26 DEBUG] [__init__:400][39m No controls to apply on 'loader'
[36m[2022-03-04 13:55:26 DEBUG] [__init__:400][39m No controls to apply on 'loader'
[31m[2022-03-04 13:55:26 ERROR] [cli:250][39m Failed to fetch the experiment: <!DOCTYPE html>
    <html lang="en">
    
    <head>
      <meta charset="UTF-8">
      <meta name="viewport" content="width=device-width, initial-scale=1.0">
      <meta http-equiv="X-UA-Compatible" content="ie=edge">
      <title>ChaosHub: Chaos Engineering for Everyone</title>
    
      <link href="https://fonts.googleapis.com/css?family=IBM+Plex+Sans:400,400i,600,600i" rel="stylesheet">
      <link rel="stylesheet" href="https://cdnjs.cloudflare.com/ajax/libs/spectre.css/0.5.3/spectre.min.css">
      <link rel="stylesheet" href="https://cdnjs.cloudflare.com/ajax/libs/spectre.css/0.5.3/spectre-exp.min.css">
      <link rel="stylesheet" href="https://cdnjs.cloudflare.com/ajax/libs/spectre.css/0.5.3/spectre-icons.min.css">
      <link rel="stylesheet" href="/static/css/error.css">
    </head>
    <body>
        <header class="navbar navbar-primary">
          <div class="container">
            <div class="columns">
              <div class="column col-8 col-mx-auto">
                <div class="container">
                  <div class="float-left navbar-section">
                    <a href="/" class="navbar-brand mr-1">ChaosHub</a>
                  </div>
                </div>
              </div>
            </div>
          </div>
        </header>
        <main>
            <div class="container">
                <div class="columns">
                    <div class="column col-mx-auto col-3">
                    <h1>Ooops, we could not find what you were looking for!</h1>
                    </div>
                </div>
            </div>
        </main>
        <footer>
            <div class="columns">
              <div class="column col-8 col-mx-auto">
                  <div class="my-2"></div>
                  <div class="d-block"><a href="https://chaoshub.org">ChaosHub</a> is an Open Source product under the
                      <a href="https://github.com/chaostoolkit/chaoshub/blob/master/LICENSE.txt">AGPLv3+</a> license</div>
                  <div class="d-block">&copy; 2018 - <a href="https://www.chaosiq.io">ChaosIQ</a></div>
              </div>
            </div>
          </footer>
      </body>
    </html>
[36m[2022-03-04 13:55:26 DEBUG] [cli:251][39m Failed to fetch the experiment: <!DOCTYPE html>
    <html lang="en">
    
    <head>
      <meta charset="UTF-8">
      <meta name="viewport" content="width=device-width, initial-scale=1.0">
      <meta http-equiv="X-UA-Compatible" content="ie=edge">
      <title>ChaosHub: Chaos Engineering for Everyone</title>
    
      <link href="https://fonts.googleapis.com/css?family=IBM+Plex+Sans:400,400i,600,600i" rel="stylesheet">
      <link rel="stylesheet" href="https://cdnjs.cloudflare.com/ajax/libs/spectre.css/0.5.3/spectre.min.css">
      <link rel="stylesheet" href="https://cdnjs.cloudflare.com/ajax/libs/spectre.css/0.5.3/spectre-exp.min.css">
      <link rel="stylesheet" href="https://cdnjs.cloudflare.com/ajax/libs/spectre.css/0.5.3/spectre-icons.min.css">
      <link rel="stylesheet" href="/static/css/error.css">
    </head>
    <body>
        <header class="navbar navbar-primary">
          <div class="container">
            <div class="columns">
              <div class="column col-8 col-mx-auto">
                <div class="container">
                  <div class="float-left navbar-section">
                    <a href="/" class="navbar-brand mr-1">ChaosHub</a>
                  </div>
                </div>
              </div>
            </div>
          </div>
        </header>
        <main>
            <div class="container">
                <div class="columns">
                    <div class="column col-mx-auto col-3">
                    <h1>Ooops, we could not find what you were looking for!</h1>
                    </div>
                </div>
            </div>
        </main>
        <footer>
            <div class="columns">
              <div class="column col-8 col-mx-auto">
                  <div class="my-2"></div>
                  <div class="d-block"><a href="https://chaoshub.org">ChaosHub</a> is an Open Source product under the
                      <a href="https://github.com/chaostoolkit/chaoshub/blob/master/LICENSE.txt">AGPLv3+</a> license</div>
                  <div class="d-block">&copy; 2018 - <a href="https://www.chaosiq.io">ChaosIQ</a></div>
              </div>
            </div>
          </footer>
      </body>
    </html>
